<?xml version="1.0" encoding="UTF-8"?>
<testng-results ignored="0" total="2" passed="2" failed="0" skipped="0">
  <reporter-output>
  </reporter-output>
  <suite started-at="2025-01-28T16:10:11 EST" name="Default suite" finished-at="2025-01-28T16:12:29 EST" duration-ms="138055">
    <groups>
    </groups>
    <test started-at="2025-01-28T16:10:11 EST" name="Default test" finished-at="2025-01-28T16:12:29 EST" duration-ms="138055">
      <class name="com.qa.saucedemo.tests.HomePageTest">
        <test-method is-config="true" signature="setUp()[pri:0, instance:com.qa.saucedemo.tests.HomePageTest@79e2c065]" started-at="2025-01-28T16:10:11 EST" name="setUp" finished-at="2025-01-28T16:12:29 EST" duration-ms="137820" status="PASS">
          <reporter-output>
          </reporter-output>
        </test-method> <!-- setUp -->
        <test-method signature="homePageTitleTest()[pri:0, instance:com.qa.saucedemo.tests.HomePageTest@79e2c065]" started-at="2025-01-28T16:12:29 EST" name="homePageTitleTest" finished-at="2025-01-28T16:12:29 EST" duration-ms="13" status="PASS">
          <reporter-output>
          </reporter-output>
        </test-method> <!-- homePageTitleTest -->
        <test-method signature="homePageURLTest()[pri:0, instance:com.qa.saucedemo.tests.HomePageTest@79e2c065]" started-at="2025-01-28T16:12:29 EST" name="homePageURLTest" finished-at="2025-01-28T16:12:29 EST" duration-ms="1" status="PASS">
          <reporter-output>
          </reporter-output>
        </test-method> <!-- homePageURLTest -->
        <test-method is-config="true" signature="tearDown()[pri:0, instance:com.qa.saucedemo.tests.HomePageTest@79e2c065]" started-at="2025-01-28T16:12:29 EST" name="tearDown" finished-at="2025-01-28T16:12:29 EST" duration-ms="190" status="PASS">
          <reporter-output>
          </reporter-output>
        </test-method> <!-- tearDown -->
      </class> <!-- com.qa.saucedemo.tests.HomePageTest -->
    </test> <!-- Default test -->
  </suite> <!-- Default suite -->
</testng-results>
